<?xml version="1.0" encoding="UTF-8"?>
<!-- Generated by org.testng.reporters.JUnitReportReporter -->
<testsuite hostname="HP" failures="0" tests="1" name="com.herokuapp.theinternet.PositiveTest" time="38.335" errors="0" timestamp="12 Dec 2019 03:23:31 GMT" skipped="0">
  <testcase classname="com.herokuapp.theinternet.PositiveTest" name="loginTests" time="38.335"/>
</testsuite> <!-- com.herokuapp.theinternet.PositiveTest -->
