<?xml version="1.0" encoding="UTF-8"?>
<!-- Generated by org.testng.reporters.JUnitReportReporter -->
<testsuite hostname="HP" failures="0" tests="1" name="com.herokuapp.theinternet.PositiveTest" time="14.848" errors="0" timestamp="05 Jan 2020 09:47:32 GMT" skipped="0">
  <testcase classname="com.herokuapp.theinternet.PositiveTest" name="loginTests" time="14.848"/>
</testsuite> <!-- com.herokuapp.theinternet.PositiveTest -->
